# JRE version: Java(TM) SE Runtime Environment (8.0_221-b11) (build 1.8.0_221-b11)
# Java VM: Java HotSpot(TM) 64-Bit Server VM (25.221-b11 mixed mode windows-amd64 compressed oops)
Heap:
 PSYoungGen      total 1773568K, used 1248182K [0x0000000715580000, 0x00000007c0000000, 0x00000007c0000000)
  eden space 932352K, 100% used [0x0000000715580000,0x000000074e400000,0x000000074e400000)
  from space 841216K, 37% used [0x000000078ca80000,0x000000079feedb70,0x00000007c0000000)
  to   space 931840K, 0% used [0x000000074e400000,0x000000074e400000,0x0000000787200000)
 ParOldGen       total 5592576K, used 5592089K [0x00000005c0000000, 0x0000000715580000, 0x0000000715580000)
  object space 5592576K, 99% used [0x00000005c0000000,0x0000000715506610,0x0000000715580000)
 Metaspace       used 327258K, capacity 339947K, committed 340352K, reserved 1335296K
  class space    used 52055K, capacity 55294K, committed 55424K, reserved 1048576K
GC Heap History (10 events):
Event: 14592.580 GC heap after
Heap after GC invocations=2993 (full 39):
 PSYoungGen      total 1773568K, used 1248182K [0x0000000715580000, 0x00000007c0000000, 0x00000007c0000000)
  eden space 932352K, 99% used [0x0000000715580000,0x000000074e3ffff0,0x000000074e400000)
  from space 841216K, 37% used [0x000000078ca80000,0x000000079feedb70,0x00000007c0000000)
  to   space 931840K, 0% used [0x000000074e400000,0x000000074e400000,0x0000000787200000)
 ParOldGen       total 5592576K, used 5592083K [0x00000005c0000000, 0x0000000715580000, 0x0000000715580000)
  object space 5592576K, 99% used [0x00000005c0000000,0x0000000715504f90,0x0000000715580000)
 Metaspace       used 327258K, capacity 339947K, committed 340352K, reserved 1335296K
  class space    used 52055K, capacity 55294K, committed 55424K, reserved 1048576K
}
Event: 14592.580 GC heap before
{Heap before GC invocations=2994 (full 40):
 PSYoungGen      total 1773568K, used 1248182K [0x0000000715580000, 0x00000007c0000000, 0x00000007c0000000)
  eden space 932352K, 100% used [0x0000000715580000,0x000000074e400000,0x000000074e400000)
  from space 841216K, 37% used [0x000000078ca80000,0x000000079feedb70,0x00000007c0000000)
  to   space 931840K, 0% used [0x000000074e400000,0x000000074e400000,0x0000000787200000)
 ParOldGen       total 5592576K, used 5592086K [0x00000005c0000000, 0x0000000715580000, 0x0000000715580000)
  object space 5592576K, 99% used [0x00000005c0000000,0x0000000715505838,0x0000000715580000)
 Metaspace       used 327258K, capacity 339947K, committed 340352K, reserved 1335296K
  class space    used 52055K, capacity 55294K, committed 55424K, reserved 1048576K
Event: 14595.280 GC heap after
Heap after GC invocations=2994 (full 40):
 PSYoungGen      total 1773568K, used 1248182K [0x0000000715580000, 0x00000007c0000000, 0x00000007c0000000)
  eden space 932352K, 99% used [0x0000000715580000,0x000000074e3fffc0,0x000000074e400000)
  from space 841216K, 37% used [0x000000078ca80000,0x000000079feedb70,0x00000007c0000000)
  to   space 931840K, 0% used [0x000000074e400000,0x000000074e400000,0x0000000787200000)
 ParOldGen       total 5592576K, used 5592085K [0x00000005c0000000, 0x0000000715580000, 0x0000000715580000)
  object space 5592576K, 99% used [0x00000005c0000000,0x0000000715505798,0x0000000715580000)
 Metaspace       used 327258K, capacity 339947K, committed 340352K, reserved 1335296K
  class space    used 52055K, capacity 55294K, committed 55424K, reserved 1048576K
}
Event: 14595.280 GC heap before
{Heap before GC invocations=2995 (full 41):
 PSYoungGen      total 1773568K, used 1248182K [0x0000000715580000, 0x00000007c0000000, 0x00000007c0000000)
  eden space 932352K, 100% used [0x0000000715580000,0x000000074e400000,0x000000074e400000)
  from space 841216K, 37% used [0x000000078ca80000,0x000000079feedb70,0x00000007c0000000)
  to   space 931840K, 0% used [0x000000074e400000,0x000000074e400000,0x0000000787200000)
 ParOldGen       total 5592576K, used 5592085K [0x00000005c0000000, 0x0000000715580000, 0x0000000715580000)
  object space 5592576K, 99% used [0x00000005c0000000,0x0000000715505798,0x0000000715580000)
 Metaspace       used 327258K, capacity 339947K, committed 340352K, reserved 1335296K
  class space    used 52055K, capacity 55294K, committed 55424K, reserved 1048576K
Event: 14597.973 GC heap after
Heap after GC invocations=2995 (full 41):
 PSYoungGen      total 1773568K, used 1248182K [0x0000000715580000, 0x00000007c0000000, 0x00000007c0000000)
  eden space 932352K, 99% used [0x0000000715580000,0x000000074e3ffff0,0x000000074e400000)
  from space 841216K, 37% used [0x000000078ca80000,0x000000079feedb70,0x00000007c0000000)
  to   space 931840K, 0% used [0x000000074e400000,0x000000074e400000,0x0000000787200000)
 ParOldGen       total 5592576K, used 5592085K [0x00000005c0000000, 0x0000000715580000, 0x0000000715580000)
  object space 5592576K, 99% used [0x00000005c0000000,0x0000000715505778,0x0000000715580000)
 Metaspace       used 327258K, capacity 339947K, committed 340352K, reserved 1335296K
  class space    used 52055K, capacity 55294K, committed 55424K, reserved 1048576K
}
Event: 14597.973 GC heap before
{Heap before GC invocations=2996 (full 42):
 PSYoungGen      total 1773568K, used 1248182K [0x0000000715580000, 0x00000007c0000000, 0x00000007c0000000)
  eden space 932352K, 99% used [0x0000000715580000,0x000000074e3ffff0,0x000000074e400000)
  from space 841216K, 37% used [0x000000078ca80000,0x000000079feedb70,0x00000007c0000000)
  to   space 931840K, 0% used [0x000000074e400000,0x000000074e400000,0x0000000787200000)
 ParOldGen       total 5592576K, used 5592088K [0x00000005c0000000, 0x0000000715580000, 0x0000000715580000)
  object space 5592576K, 99% used [0x00000005c0000000,0x0000000715506190,0x0000000715580000)
 Metaspace       used 327258K, capacity 339947K, committed 340352K, reserved 1335296K
  class space    used 52055K, capacity 55294K, committed 55424K, reserved 1048576K
Event: 14600.572 GC heap after
Heap after GC invocations=2996 (full 42):
 PSYoungGen      total 1773568K, used 1248182K [0x0000000715580000, 0x00000007c0000000, 0x00000007c0000000)
  eden space 932352K, 99% used [0x0000000715580000,0x000000074e3ffff0,0x000000074e400000)
  from space 841216K, 37% used [0x000000078ca80000,0x000000079feedb70,0x00000007c0000000)
  to   space 931840K, 0% used [0x000000074e400000,0x000000074e400000,0x0000000787200000)
 ParOldGen       total 5592576K, used 5592088K [0x00000005c0000000, 0x0000000715580000, 0x0000000715580000)
  object space 5592576K, 99% used [0x00000005c0000000,0x0000000715506128,0x0000000715580000)
 Metaspace       used 327258K, capacity 339947K, committed 340352K, reserved 1335296K
  class space    used 52055K, capacity 55294K, committed 55424K, reserved 1048576K
}
Event: 14600.572 GC heap before
{Heap before GC invocations=2997 (full 43):
 PSYoungGen      total 1773568K, used 1248182K [0x0000000715580000, 0x00000007c0000000, 0x00000007c0000000)
  eden space 932352K, 100% used [0x0000000715580000,0x000000074e400000,0x000000074e400000)
  from space 841216K, 37% used [0x000000078ca80000,0x000000079feedb70,0x00000007c0000000)
  to   space 931840K, 0% used [0x000000074e400000,0x000000074e400000,0x0000000787200000)
 ParOldGen       total 5592576K, used 5592090K [0x00000005c0000000, 0x0000000715580000, 0x0000000715580000)
  object space 5592576K, 99% used [0x00000005c0000000,0x00000007155068a0,0x0000000715580000)
 Metaspace       used 327258K, capacity 339947K, committed 340352K, reserved 1335296K
  class space    used 52055K, capacity 55294K, committed 55424K, reserved 1048576K
Event: 14603.215 GC heap after
Heap after GC invocations=2997 (full 43):
 PSYoungGen      total 1773568K, used 1248182K [0x0000000715580000, 0x00000007c0000000, 0x00000007c0000000)
  eden space 932352K, 99% used [0x0000000715580000,0x000000074e3fffd0,0x000000074e400000)
  from space 841216K, 37% used [0x000000078ca80000,0x000000079feedb70,0x00000007c0000000)
  to   space 931840K, 0% used [0x000000074e400000,0x000000074e400000,0x0000000787200000)
 ParOldGen       total 5592576K, used 5592089K [0x00000005c0000000, 0x0000000715580000, 0x0000000715580000)
  object space 5592576K, 99% used [0x00000005c0000000,0x0000000715506610,0x0000000715580000)
 Metaspace       used 327258K, capacity 339947K, committed 340352K, reserved 1335296K
  class space    used 52055K, capacity 55294K, committed 55424K, reserved 1048576K
}
Event: 14603.215 GC heap before
{Heap before GC invocations=2998 (full 44):
 PSYoungGen      total 1773568K, used 1248182K [0x0000000715580000, 0x00000007c0000000, 0x00000007c0000000)
  eden space 932352K, 100% used [0x0000000715580000,0x000000074e400000,0x000000074e400000)
  from space 841216K, 37% used [0x000000078ca80000,0x000000079feedb70,0x00000007c0000000)
  to   space 931840K, 0% used [0x000000074e400000,0x000000074e400000,0x0000000787200000)
 ParOldGen       total 5592576K, used 5592089K [0x00000005c0000000, 0x0000000715580000, 0x0000000715580000)
  object space 5592576K, 99% used [0x00000005c0000000,0x0000000715506610,0x0000000715580000)
 Metaspace       used 327258K, capacity 339947K, committed 340352K, reserved 1335296K
  class space    used 52055K, capacity 55294K, committed 55424K, reserved 1048576K

